{"name": "test_todo[chromium]", "status": "failed", "statusDetails": {"message": "AssertionError: Locator expected to have count '2'\nActual value: 1 \nCall log:\n  - Expect \"to_have_count\" with timeout 5000ms\n  - waiting for get_by_test_id(\"todo-item\")\n    9 × locator resolved to 1 element\n      - unexpected value \"1\"", "trace": "page = <Page url='https://demo.playwright.dev/todomvc/#/'>\n\n    def test_todo(page):\n        page.goto('https://demo.playwright.dev/todomvc/#/')\n        expect(page).to_have_url(\"https://demo.playwright.dev/todomvc/#/\")\n        input_field = page.get_by_placeholder('What needs to be done?')\n        expect(input_field).to_be_empty()\n        input_field.fill(\"текст задачи\")\n        input_field.press('Enter')\n        time.sleep(2)\n        todo_item = page.get_by_test_id('todo-item')\n>       expect(todo_item).to_have_count(2)\nE       AssertionError: Locator expected to have count '2'\nE       Actual value: 1 \nE       Call log:\nE         - Expect \"to_have_count\" with timeout 5000ms\nE         - waiting for get_by_test_id(\"todo-item\")\nE           9 × locator resolved to 1 element\nE             - unexpected value \"1\"\n\ntest_lesson12.py:13: AssertionError"}, "parameters": [{"name": "browser_name", "value": "'chromium'"}], "start": 1770367947509, "stop": 1770367954713, "uuid": "05a4c3e4-ea4d-4ba5-b0ea-abdc9595fc03", "historyId": "0258767ebae20df753be5ef8b16d423b", "testCaseId": "05ee6d3112d1b96e31db34b861ded142", "fullName": "test_lesson12#test_todo", "labels": [{"name": "suite", "value": "test_lesson12"}, {"name": "host", "value": "DESKTOP-SAKU67K"}, {"name": "thread", "value": "16464-MainThread"}, {"name": "framework", "value": "pytest"}, {"name": "language", "value": "cpython3"}, {"name": "package", "value": "test_lesson12"}], "titlePath": ["test_lesson12.py"]}